Using pre-set license
Built from '2020.3/staging' branch; Version is '2020.3.25f1 (9b9180224418) revision 10195328'; Using compiler version '192528614'; Build Type 'Release'
OS: 'Windows 10  (10.0.19042) 64bit Core' Language: 'en' Physical Memory: 16318 MB
BatchMode: 1, IsHumanControllingUs: 0, StartBugReporterOnCrash: 0, Is64bit: 1, IsPro: 0

COMMAND LINE ARGUMENTS:
C:\Program Files\Unity\Hub\Editor\2020.3.25f1\Editor\Unity.exe
-adb2
-batchMode
-noUpm
-name
AssetImportWorker0
-projectPath
C:/Users/Thelo/Documents/GitHub/Chess/Chess
-logFile
Logs/AssetImportWorker0.log
-srvPort
55545
Successfully changed project path to: C:/Users/Thelo/Documents/GitHub/Chess/Chess
C:/Users/Thelo/Documents/GitHub/Chess/Chess
Using Asset Import Pipeline V2.
Refreshing native plugins compatible for Editor in 38.30 ms, found 3 plugins.
Preloading 0 native plugins for Editor in 0.00 ms.
Initialize engine version: 2020.3.25f1 (9b9180224418)
[Subsystems] Discovering subsystems at path C:/Program Files/Unity/Hub/Editor/2020.3.25f1/Editor/Data/Resources/UnitySubsystems
[Subsystems] Discovering subsystems at path C:/Users/Thelo/Documents/GitHub/Chess/Chess/Assets
GfxDevice: creating device client; threaded=0
Direct3D:
    Version:  Direct3D 11.0 [level 11.1]
    Renderer: NVIDIA GeForce GTX 1060 6GB (ID=0x1c03)
    Vendor:   
    VRAM:     6052 MB
    Driver:   30.0.14.9709
Initialize mono
Mono path[0] = 'C:/Program Files/Unity/Hub/Editor/2020.3.25f1/Editor/Data/Managed'
Mono path[1] = 'C:/Program Files/Unity/Hub/Editor/2020.3.25f1/Editor/Data/MonoBleedingEdge/lib/mono/unityjit'
Mono config path = 'C:/Program Files/Unity/Hub/Editor/2020.3.25f1/Editor/Data/MonoBleedingEdge/etc'
Using monoOptions --debugger-agent=transport=dt_socket,embedding=1,server=y,suspend=n,address=127.0.0.1:56052
Begin MonoManager ReloadAssembly
Registering precompiled unity dll's ...
Register platform support module: C:/Program Files/Unity/Hub/Editor/2020.3.25f1/Editor/Data/PlaybackEngines/WebGLSupport/UnityEditor.WebGL.Extensions.dll
Register platform support module: C:/Program Files/Unity/Hub/Editor/2020.3.25f1/Editor/Data/PlaybackEngines/WindowsStandaloneSupport/UnityEditor.WindowsStandalone.Extensions.dll
Registered in 0.001917 seconds.
Native extension for WindowsStandalone target not found
Native extension for WebGL target not found
Refreshing native plugins compatible for Editor in 37.72 ms, found 3 plugins.
Preloading 0 native plugins for Editor in 0.00 ms.
Mono: successfully reloaded assembly
- Completed reload, in  0.500 seconds
Domain Reload Profiling:
	ReloadAssembly (500ms)
		BeginReloadAssembly (45ms)
			ExecutionOrderSort (0ms)
			DisableScriptedObjects (0ms)
			BackupInstance (0ms)
			ReleaseScriptingObjects (0ms)
			CreateAndSetChildDomain (1ms)
		EndReloadAssembly (391ms)
			LoadAssemblies (43ms)
			RebuildTransferFunctionScriptingTraits (0ms)
			SetupTypeCache (128ms)
			ReleaseScriptCaches (0ms)
			RebuildScriptCaches (27ms)
			SetupLoadedEditorAssemblies (154ms)
				LogAssemblyErrors (0ms)
				InitializePlatformSupportModulesInManaged (5ms)
				SetLoadedEditorAssemblies (0ms)
				RefreshPlugins (38ms)
				BeforeProcessingInitializeOnLoad (14ms)
				ProcessInitializeOnLoadAttributes (73ms)
				ProcessInitializeOnLoadMethodAttributes (24ms)
				AfterProcessingInitializeOnLoad (0ms)
				EditorAssembliesLoaded (0ms)
			ExecutionOrderSort2 (0ms)
			AwakeInstancesAfterBackupRestoration (0ms)
Platform modules already initialized, skipping
Registering precompiled user dll's ...
Registered in 0.004092 seconds.
Begin MonoManager ReloadAssembly
Native extension for WindowsStandalone target not found
Native extension for WebGL target not found
Refreshing native plugins compatible for Editor in 37.16 ms, found 3 plugins.
Preloading 0 native plugins for Editor in 0.00 ms.
Mono: successfully reloaded assembly
- Completed reload, in  0.963 seconds
Domain Reload Profiling:
	ReloadAssembly (964ms)
		BeginReloadAssembly (120ms)
			ExecutionOrderSort (0ms)
			DisableScriptedObjects (4ms)
			BackupInstance (0ms)
			ReleaseScriptingObjects (0ms)
			CreateAndSetChildDomain (15ms)
		EndReloadAssembly (790ms)
			LoadAssemblies (76ms)
			RebuildTransferFunctionScriptingTraits (0ms)
			SetupTypeCache (262ms)
			ReleaseScriptCaches (0ms)
			RebuildScriptCaches (40ms)
			SetupLoadedEditorAssemblies (311ms)
				LogAssemblyErrors (0ms)
				InitializePlatformSupportModulesInManaged (4ms)
				SetLoadedEditorAssemblies (0ms)
				RefreshPlugins (37ms)
				BeforeProcessingInitializeOnLoad (79ms)
				ProcessInitializeOnLoadAttributes (172ms)
				ProcessInitializeOnLoadMethodAttributes (14ms)
				AfterProcessingInitializeOnLoad (5ms)
				EditorAssembliesLoaded (0ms)
			ExecutionOrderSort2 (0ms)
			AwakeInstancesAfterBackupRestoration (6ms)
Platform modules already initialized, skipping
========================================================================
Worker process is ready to serve import requests
Launched and connected shader compiler UnityShaderCompiler.exe after 0.07 seconds
Refreshing native plugins compatible for Editor in 0.47 ms, found 3 plugins.
Preloading 0 native plugins for Editor in 0.00 ms.
Unloading 2212 Unused Serialized files (Serialized files now loaded: 0)
System memory in use before: 98.1 MB.
System memory in use after: 98.2 MB.

Unloading 28 unused Assets to reduce memory usage. Loaded Objects now: 2647.
Total: 2.641500 ms (FindLiveObjects: 0.163400 ms CreateObjectMapping: 0.080800 ms MarkObjects: 2.338700 ms  DeleteObjects: 0.057800 ms)

AssetImportParameters requested are different than current active one (requested -> active):
  custom:framework-win-MediaFoundation: 216162199b28c13a410421893ffa2e32 -> 
  custom:video-decoder-ogg-theora: a1e56fd34408186e4bbccfd4996cb3dc -> 
  custom:container-muxer-webm: aa71ff27fc2769a1b78a27578f13a17b -> 
  custom:container-demuxer-webm: 4f35f7cbe854078d1ac9338744f61a02 -> 
  custom:container-demuxer-ogg: 62fdf1f143b41e24485cea50d1cbac27 -> 
  custom:video-encoder-webm-vp8: eb34c28f22e8b96e1ab97ce403110664 -> 
  custom:video-decoder-webm-vp8: 9c59270c3fd7afecdb556c50c9e8de78 -> 
  custom:audio-decoder-ogg-vorbis: bf7c407c2cedff20999df2af8eb42d56 -> 
  custom:audio-encoder-webm-vorbis: bf7c407c2cedff20999df2af8eb42d56 -> 
========================================================================
Received Import Request.
  path: Assets/Scripts/ChessPeice.cs
  artifactKey: Guid(76d8ca8250d399a4b85d5af27f56b255) Importer(815301076,1909f56bfc062723c751e8b465ee728b)
Start importing Assets/Scripts/ChessPeice.cs using Guid(76d8ca8250d399a4b85d5af27f56b255) Importer(815301076,1909f56bfc062723c751e8b465ee728b)  -> (artifact id: 'ba97f74645a5f6a996d9fa3c1773b39c') in 0.449450 seconds 
  Import took 0.500816 seconds .

========================================================================
Received Import Request.
  Time since last request: 449.798329 seconds.
  path: Assets/Scripts/ChessPeice.cs
  artifactKey: Guid(76d8ca8250d399a4b85d5af27f56b255) Importer(815301076,1909f56bfc062723c751e8b465ee728b)
Start importing Assets/Scripts/ChessPeice.cs using Guid(76d8ca8250d399a4b85d5af27f56b255) Importer(815301076,1909f56bfc062723c751e8b465ee728b)  -> (artifact id: 'e68fc9a1b3de7307bdff4ef822816d2f') in 0.003031 seconds 
  Import took 0.013497 seconds .

========================================================================
Received Prepare
Registering precompiled user dll's ...
Registered in 0.003440 seconds.
Begin MonoManager ReloadAssembly
Native extension for WindowsStandalone target not found
Native extension for WebGL target not found
Refreshing native plugins compatible for Editor in 0.54 ms, found 3 plugins.
Preloading 0 native plugins for Editor in 0.00 ms.
Mono: successfully reloaded assembly
- Completed reload, in  0.880 seconds
Domain Reload Profiling:
	ReloadAssembly (880ms)
		BeginReloadAssembly (95ms)
			ExecutionOrderSort (0ms)
			DisableScriptedObjects (5ms)
			BackupInstance (0ms)
			ReleaseScriptingObjects (0ms)
			CreateAndSetChildDomain (30ms)
		EndReloadAssembly (733ms)
			LoadAssemblies (74ms)
			RebuildTransferFunctionScriptingTraits (0ms)
			SetupTypeCache (257ms)
			ReleaseScriptCaches (1ms)
			RebuildScriptCaches (39ms)
			SetupLoadedEditorAssemblies (270ms)
				LogAssemblyErrors (0ms)
				InitializePlatformSupportModulesInManaged (5ms)
				SetLoadedEditorAssemblies (0ms)
				RefreshPlugins (1ms)
				BeforeProcessingInitializeOnLoad (73ms)
				ProcessInitializeOnLoadAttributes (176ms)
				ProcessInitializeOnLoadMethodAttributes (9ms)
				AfterProcessingInitializeOnLoad (5ms)
				EditorAssembliesLoaded (0ms)
			ExecutionOrderSort2 (0ms)
			AwakeInstancesAfterBackupRestoration (8ms)
Platform modules already initialized, skipping
Refreshing native plugins compatible for Editor in 0.46 ms, found 3 plugins.
Preloading 0 native plugins for Editor in 0.00 ms.
Unloading 2188 Unused Serialized files (Serialized files now loaded: 0)
System memory in use before: 96.2 MB.
System memory in use after: 96.3 MB.

Unloading 17 unused Assets to reduce memory usage. Loaded Objects now: 2649.
Total: 2.947500 ms (FindLiveObjects: 0.151900 ms CreateObjectMapping: 0.073700 ms MarkObjects: 2.704400 ms  DeleteObjects: 0.016600 ms)

AssetImportParameters requested are different than current active one (requested -> active):
  custom:framework-win-MediaFoundation: 216162199b28c13a410421893ffa2e32 -> 
  custom:video-decoder-ogg-theora: a1e56fd34408186e4bbccfd4996cb3dc -> 
  custom:container-muxer-webm: aa71ff27fc2769a1b78a27578f13a17b -> 
  custom:container-demuxer-webm: 4f35f7cbe854078d1ac9338744f61a02 -> 
  custom:container-demuxer-ogg: 62fdf1f143b41e24485cea50d1cbac27 -> 
  custom:video-encoder-webm-vp8: eb34c28f22e8b96e1ab97ce403110664 -> 
  custom:video-decoder-webm-vp8: 9c59270c3fd7afecdb556c50c9e8de78 -> 
  custom:audio-decoder-ogg-vorbis: bf7c407c2cedff20999df2af8eb42d56 -> 
  custom:audio-encoder-webm-vorbis: bf7c407c2cedff20999df2af8eb42d56 -> 
========================================================================
Received Import Request.
  Time since last request: 337.673191 seconds.
  path: Assets/Scripts/ChessPeice.cs
  artifactKey: Guid(76d8ca8250d399a4b85d5af27f56b255) Importer(815301076,1909f56bfc062723c751e8b465ee728b)
Start importing Assets/Scripts/ChessPeice.cs using Guid(76d8ca8250d399a4b85d5af27f56b255) Importer(815301076,1909f56bfc062723c751e8b465ee728b)  -> (artifact id: '2e4bc2b443ac5e2fa6cef848af519b65') in 0.007803 seconds 
  Import took 0.025774 seconds .

========================================================================
Received Import Request.
  Time since last request: 14.036369 seconds.
  path: Assets/Scripts/ChessPeice.cs
  artifactKey: Guid(76d8ca8250d399a4b85d5af27f56b255) Importer(815301076,1909f56bfc062723c751e8b465ee728b)
Start importing Assets/Scripts/ChessPeice.cs using Guid(76d8ca8250d399a4b85d5af27f56b255) Importer(815301076,1909f56bfc062723c751e8b465ee728b)  -> (artifact id: '2a91dcda82909b1ff59039b338651553') in 0.003466 seconds 
  Import took 0.028485 seconds .

========================================================================
Received Import Request.
  Time since last request: 48.836564 seconds.
  path: Assets/Scripts/ChessPeice.cs
  artifactKey: Guid(76d8ca8250d399a4b85d5af27f56b255) Importer(815301076,1909f56bfc062723c751e8b465ee728b)
Start importing Assets/Scripts/ChessPeice.cs using Guid(76d8ca8250d399a4b85d5af27f56b255) Importer(815301076,1909f56bfc062723c751e8b465ee728b)  -> (artifact id: '57b2f847b2093fad630095e4a42cb08a') in 0.003960 seconds 
  Import took 0.032750 seconds .

========================================================================
Received Import Request.
  Time since last request: 104.595813 seconds.
  path: Assets/Scripts/ChessPeice.cs
  artifactKey: Guid(76d8ca8250d399a4b85d5af27f56b255) Importer(815301076,1909f56bfc062723c751e8b465ee728b)
Start importing Assets/Scripts/ChessPeice.cs using Guid(76d8ca8250d399a4b85d5af27f56b255) Importer(815301076,1909f56bfc062723c751e8b465ee728b)  -> (artifact id: '65e7210cb7e020a372129d16fa5da85e') in 0.002636 seconds 
  Import took 0.006209 seconds .

========================================================================
Received Import Request.
  Time since last request: 16.328407 seconds.
  path: Assets/Scripts/ChessPeice.cs
  artifactKey: Guid(76d8ca8250d399a4b85d5af27f56b255) Importer(815301076,1909f56bfc062723c751e8b465ee728b)
Start importing Assets/Scripts/ChessPeice.cs using Guid(76d8ca8250d399a4b85d5af27f56b255) Importer(815301076,1909f56bfc062723c751e8b465ee728b)  -> (artifact id: '32bcf127e65d0c4bc284231b2f5cbd5a') in 0.003458 seconds 
  Import took 0.016258 seconds .

========================================================================
Received Import Request.
  Time since last request: 14.225314 seconds.
  path: Assets/Scripts/ChessPeice.cs
  artifactKey: Guid(76d8ca8250d399a4b85d5af27f56b255) Importer(815301076,1909f56bfc062723c751e8b465ee728b)
Start importing Assets/Scripts/ChessPeice.cs using Guid(76d8ca8250d399a4b85d5af27f56b255) Importer(815301076,1909f56bfc062723c751e8b465ee728b)  -> (artifact id: '5f5a6cb20f146e702dc22291714e4570') in 0.001960 seconds 
  Import took 0.038382 seconds .

========================================================================
Received Import Request.
  Time since last request: 16.494723 seconds.
  path: Assets/Scripts/ChessPeice.cs
  artifactKey: Guid(76d8ca8250d399a4b85d5af27f56b255) Importer(815301076,1909f56bfc062723c751e8b465ee728b)
Start importing Assets/Scripts/ChessPeice.cs using Guid(76d8ca8250d399a4b85d5af27f56b255) Importer(815301076,1909f56bfc062723c751e8b465ee728b)  -> (artifact id: 'b502cc0c7b829f9700424e58c889a8b6') in 0.003219 seconds 
  Import took 0.085584 seconds .

========================================================================
Received Import Request.
  Time since last request: 2.543377 seconds.
  path: Assets/Scripts/ChessPeice.cs
  artifactKey: Guid(76d8ca8250d399a4b85d5af27f56b255) Importer(815301076,1909f56bfc062723c751e8b465ee728b)
Start importing Assets/Scripts/ChessPeice.cs using Guid(76d8ca8250d399a4b85d5af27f56b255) Importer(815301076,1909f56bfc062723c751e8b465ee728b)  -> (artifact id: 'd061922360214a40bf48a36da135612f') in 0.003477 seconds 
  Import took 0.110470 seconds .

========================================================================
Received Import Request.
  Time since last request: 32.589881 seconds.
  path: Assets/Scripts/ChessPeice.cs
  artifactKey: Guid(76d8ca8250d399a4b85d5af27f56b255) Importer(815301076,1909f56bfc062723c751e8b465ee728b)
Start importing Assets/Scripts/ChessPeice.cs using Guid(76d8ca8250d399a4b85d5af27f56b255) Importer(815301076,1909f56bfc062723c751e8b465ee728b)  -> (artifact id: '209faa8385983b1d06e255a9284efcc8') in 0.003984 seconds 
  Import took 0.023717 seconds .

========================================================================
Received Import Request.
  Time since last request: 1.902408 seconds.
  path: Assets/Scripts/ChessPeice.cs
  artifactKey: Guid(76d8ca8250d399a4b85d5af27f56b255) Importer(815301076,1909f56bfc062723c751e8b465ee728b)
Start importing Assets/Scripts/ChessPeice.cs using Guid(76d8ca8250d399a4b85d5af27f56b255) Importer(815301076,1909f56bfc062723c751e8b465ee728b)  -> (artifact id: '2c61b2a252f71d73ab89eab8779c5a48') in 0.005121 seconds 
  Import took 0.009011 seconds .

========================================================================
Received Import Request.
  Time since last request: 8.004470 seconds.
  path: Assets/Scripts/ChessPeice.cs
  artifactKey: Guid(76d8ca8250d399a4b85d5af27f56b255) Importer(815301076,1909f56bfc062723c751e8b465ee728b)
Start importing Assets/Scripts/ChessPeice.cs using Guid(76d8ca8250d399a4b85d5af27f56b255) Importer(815301076,1909f56bfc062723c751e8b465ee728b)  -> (artifact id: '7f263f1343cbb9dfcea8fa1f9d9f53a2') in 0.003726 seconds 
  Import took 0.006474 seconds .

========================================================================
Received Import Request.
  Time since last request: 6.196226 seconds.
  path: Assets/Scripts/ChessPeice.cs
  artifactKey: Guid(76d8ca8250d399a4b85d5af27f56b255) Importer(815301076,1909f56bfc062723c751e8b465ee728b)
Start importing Assets/Scripts/ChessPeice.cs using Guid(76d8ca8250d399a4b85d5af27f56b255) Importer(815301076,1909f56bfc062723c751e8b465ee728b)  -> (artifact id: 'b61ecfeed0ba1eafe65b010fe622a16b') in 0.003389 seconds 
  Import took 0.017873 seconds .

========================================================================
Received Import Request.
  Time since last request: 2.285345 seconds.
  path: Assets/Scripts/ChessPeice.cs
  artifactKey: Guid(76d8ca8250d399a4b85d5af27f56b255) Importer(815301076,1909f56bfc062723c751e8b465ee728b)
Start importing Assets/Scripts/ChessPeice.cs using Guid(76d8ca8250d399a4b85d5af27f56b255) Importer(815301076,1909f56bfc062723c751e8b465ee728b)  -> (artifact id: '10aea64d380a14322719669b564dfb38') in 0.003284 seconds 
  Import took 0.042139 seconds .

========================================================================
Received Import Request.
  Time since last request: 8.624687 seconds.
  path: Assets/Scripts/ChessPeice.cs
  artifactKey: Guid(76d8ca8250d399a4b85d5af27f56b255) Importer(815301076,1909f56bfc062723c751e8b465ee728b)
Start importing Assets/Scripts/ChessPeice.cs using Guid(76d8ca8250d399a4b85d5af27f56b255) Importer(815301076,1909f56bfc062723c751e8b465ee728b)  -> (artifact id: 'b147d6e110e3f40bb7457bfcc2cf3320') in 0.003503 seconds 
  Import took 0.006710 seconds .

========================================================================
Received Import Request.
  Time since last request: 16.965028 seconds.
  path: Assets/Scripts/ChessPeice.cs
  artifactKey: Guid(76d8ca8250d399a4b85d5af27f56b255) Importer(815301076,1909f56bfc062723c751e8b465ee728b)
Start importing Assets/Scripts/ChessPeice.cs using Guid(76d8ca8250d399a4b85d5af27f56b255) Importer(815301076,1909f56bfc062723c751e8b465ee728b)  -> (artifact id: '3497c8e28183e51f1c4ed2192ea6d92b') in 0.002946 seconds 
  Import took 0.050287 seconds .

========================================================================
Received Import Request.
  Time since last request: 5.910693 seconds.
  path: Assets/Scripts/ChessPeice.cs
  artifactKey: Guid(76d8ca8250d399a4b85d5af27f56b255) Importer(815301076,1909f56bfc062723c751e8b465ee728b)
Start importing Assets/Scripts/ChessPeice.cs using Guid(76d8ca8250d399a4b85d5af27f56b255) Importer(815301076,1909f56bfc062723c751e8b465ee728b)  -> (artifact id: 'ae1d8adead830af12579b1a32e51ce2d') in 0.002808 seconds 
  Import took 0.025877 seconds .

========================================================================
Received Import Request.
  Time since last request: 25.989927 seconds.
  path: Assets/Scripts/ChessPeice.cs
  artifactKey: Guid(76d8ca8250d399a4b85d5af27f56b255) Importer(815301076,1909f56bfc062723c751e8b465ee728b)
Start importing Assets/Scripts/ChessPeice.cs using Guid(76d8ca8250d399a4b85d5af27f56b255) Importer(815301076,1909f56bfc062723c751e8b465ee728b)  -> (artifact id: '24af48c2222f49beff185db7b5433739') in 0.002717 seconds 
  Import took 0.027665 seconds .

========================================================================
Received Import Request.
  Time since last request: 14.526814 seconds.
  path: Assets/Scripts/ChessPeice.cs
  artifactKey: Guid(76d8ca8250d399a4b85d5af27f56b255) Importer(815301076,1909f56bfc062723c751e8b465ee728b)
Start importing Assets/Scripts/ChessPeice.cs using Guid(76d8ca8250d399a4b85d5af27f56b255) Importer(815301076,1909f56bfc062723c751e8b465ee728b)  -> (artifact id: '5a588cab203f84b9e2dc5f524193d07e') in 0.002862 seconds 
  Import took 0.027382 seconds .

========================================================================
Received Import Request.
  Time since last request: 3.769151 seconds.
  path: Assets/Scripts/ChessPeice.cs
  artifactKey: Guid(76d8ca8250d399a4b85d5af27f56b255) Importer(815301076,1909f56bfc062723c751e8b465ee728b)
Start importing Assets/Scripts/ChessPeice.cs using Guid(76d8ca8250d399a4b85d5af27f56b255) Importer(815301076,1909f56bfc062723c751e8b465ee728b)  -> (artifact id: '3561d57d33e62d15d1fd59235103ea62') in 0.002725 seconds 
  Import took 0.041033 seconds .

========================================================================
Received Import Request.
  Time since last request: 92.924767 seconds.
  path: Assets/Scripts/ChessPeice.cs
  artifactKey: Guid(76d8ca8250d399a4b85d5af27f56b255) Importer(815301076,1909f56bfc062723c751e8b465ee728b)
Start importing Assets/Scripts/ChessPeice.cs using Guid(76d8ca8250d399a4b85d5af27f56b255) Importer(815301076,1909f56bfc062723c751e8b465ee728b)  -> (artifact id: '5dcec61a85490931c941a399dce65359') in 0.002638 seconds 
  Import took 0.005803 seconds .

========================================================================
Received Import Request.
  Time since last request: 1.702860 seconds.
  path: Assets/Scripts/ChessPeice.cs
  artifactKey: Guid(76d8ca8250d399a4b85d5af27f56b255) Importer(815301076,1909f56bfc062723c751e8b465ee728b)
Start importing Assets/Scripts/ChessPeice.cs using Guid(76d8ca8250d399a4b85d5af27f56b255) Importer(815301076,1909f56bfc062723c751e8b465ee728b)  -> (artifact id: '8f6709d27e977aa752e657f0a7b6877d') in 0.002055 seconds 
  Import took 0.005748 seconds .

========================================================================
Received Import Request.
  Time since last request: 178.686351 seconds.
  path: Assets/Scripts/ChessPeice.cs
  artifactKey: Guid(76d8ca8250d399a4b85d5af27f56b255) Importer(815301076,1909f56bfc062723c751e8b465ee728b)
Start importing Assets/Scripts/ChessPeice.cs using Guid(76d8ca8250d399a4b85d5af27f56b255) Importer(815301076,1909f56bfc062723c751e8b465ee728b)  -> (artifact id: '3f1ea572fa6d4870ecda946a86fce0d3') in 0.002901 seconds 
  Import took 0.006862 seconds .

========================================================================
Received Import Request.
  Time since last request: 11.459522 seconds.
  path: Assets/Scripts/ChessPeice.cs
  artifactKey: Guid(76d8ca8250d399a4b85d5af27f56b255) Importer(815301076,1909f56bfc062723c751e8b465ee728b)
Start importing Assets/Scripts/ChessPeice.cs using Guid(76d8ca8250d399a4b85d5af27f56b255) Importer(815301076,1909f56bfc062723c751e8b465ee728b)  -> (artifact id: '78fa1c90356f76e06831d2602beb97f7') in 0.002885 seconds 
  Import took 0.006087 seconds .

========================================================================
Received Import Request.
  Time since last request: 8.180890 seconds.
  path: Assets/Scripts/ChessPeice.cs
  artifactKey: Guid(76d8ca8250d399a4b85d5af27f56b255) Importer(815301076,1909f56bfc062723c751e8b465ee728b)
Start importing Assets/Scripts/ChessPeice.cs using Guid(76d8ca8250d399a4b85d5af27f56b255) Importer(815301076,1909f56bfc062723c751e8b465ee728b)  -> (artifact id: '4570ad8b668fc56b761868559b3adaec') in 0.002106 seconds 
  Import took 0.005304 seconds .

========================================================================
Received Import Request.
  Time since last request: 34.533642 seconds.
  path: Assets/Scripts/ChessPeice.cs
  artifactKey: Guid(76d8ca8250d399a4b85d5af27f56b255) Importer(815301076,1909f56bfc062723c751e8b465ee728b)
Start importing Assets/Scripts/ChessPeice.cs using Guid(76d8ca8250d399a4b85d5af27f56b255) Importer(815301076,1909f56bfc062723c751e8b465ee728b)  -> (artifact id: '8f54acae14c3a8609d00e0c1a28ca253') in 0.002420 seconds 
  Import took 0.006485 seconds .

========================================================================
Received Import Request.
  Time since last request: 8.567750 seconds.
  path: Assets/Scripts/ChessPeice.cs
  artifactKey: Guid(76d8ca8250d399a4b85d5af27f56b255) Importer(815301076,1909f56bfc062723c751e8b465ee728b)
Start importing Assets/Scripts/ChessPeice.cs using Guid(76d8ca8250d399a4b85d5af27f56b255) Importer(815301076,1909f56bfc062723c751e8b465ee728b)  -> (artifact id: '6ee7d48a66f99d45a7bda9bcf9a77651') in 0.001904 seconds 
  Import took 0.005047 seconds .

========================================================================
Received Import Request.
  Time since last request: 10.209671 seconds.
  path: Assets/Scripts/ChessPeice.cs
  artifactKey: Guid(76d8ca8250d399a4b85d5af27f56b255) Importer(815301076,1909f56bfc062723c751e8b465ee728b)
Start importing Assets/Scripts/ChessPeice.cs using Guid(76d8ca8250d399a4b85d5af27f56b255) Importer(815301076,1909f56bfc062723c751e8b465ee728b)  -> (artifact id: 'a82116483a196ba1cc1a7a2572d6e1b3') in 0.002732 seconds 
  Import took 0.020785 seconds .

========================================================================
Received Import Request.
  Time since last request: 2.748833 seconds.
  path: Assets/Scripts/ChessPeice.cs
  artifactKey: Guid(76d8ca8250d399a4b85d5af27f56b255) Importer(815301076,1909f56bfc062723c751e8b465ee728b)
Start importing Assets/Scripts/ChessPeice.cs using Guid(76d8ca8250d399a4b85d5af27f56b255) Importer(815301076,1909f56bfc062723c751e8b465ee728b)  -> (artifact id: '74a61bccf3b11eb536ad90b53966f9e4') in 0.002300 seconds 
  Import took 0.005413 seconds .

========================================================================
Received Import Request.
  Time since last request: 35.938025 seconds.
  path: Assets/Scripts/ChessPeice.cs
  artifactKey: Guid(76d8ca8250d399a4b85d5af27f56b255) Importer(815301076,1909f56bfc062723c751e8b465ee728b)
Start importing Assets/Scripts/ChessPeice.cs using Guid(76d8ca8250d399a4b85d5af27f56b255) Importer(815301076,1909f56bfc062723c751e8b465ee728b)  -> (artifact id: '88a017e444e8e8805bc4d89f552b1996') in 0.002679 seconds 
  Import took 0.020187 seconds .

========================================================================
Received Import Request.
  Time since last request: 20.672436 seconds.
  path: Assets/Scripts/ChessPeice.cs
  artifactKey: Guid(76d8ca8250d399a4b85d5af27f56b255) Importer(815301076,1909f56bfc062723c751e8b465ee728b)
Start importing Assets/Scripts/ChessPeice.cs using Guid(76d8ca8250d399a4b85d5af27f56b255) Importer(815301076,1909f56bfc062723c751e8b465ee728b)  -> (artifact id: '1b3ef22cee5e27886a0e33f9f6195dfd') in 0.002740 seconds 
  Import took 0.037331 seconds .

========================================================================
Received Import Request.
  Time since last request: 9.711815 seconds.
  path: Assets/Scripts/ChessPeice.cs
  artifactKey: Guid(76d8ca8250d399a4b85d5af27f56b255) Importer(815301076,1909f56bfc062723c751e8b465ee728b)
Start importing Assets/Scripts/ChessPeice.cs using Guid(76d8ca8250d399a4b85d5af27f56b255) Importer(815301076,1909f56bfc062723c751e8b465ee728b)  -> (artifact id: '8243afd5f0b742f0dbb2d7d863fb723b') in 0.002352 seconds 
  Import took 0.036976 seconds .

========================================================================
Received Import Request.
  Time since last request: 53.814573 seconds.
  path: Assets/Scripts/ChessPeice.cs
  artifactKey: Guid(76d8ca8250d399a4b85d5af27f56b255) Importer(815301076,1909f56bfc062723c751e8b465ee728b)
Start importing Assets/Scripts/ChessPeice.cs using Guid(76d8ca8250d399a4b85d5af27f56b255) Importer(815301076,1909f56bfc062723c751e8b465ee728b)  -> (artifact id: '8a270d73bc5dbeea6fbc803894512a44') in 0.003669 seconds 
  Import took 0.007707 seconds .

========================================================================
Received Import Request.
  Time since last request: 9.298184 seconds.
  path: Assets/Scripts/ChessPeice.cs
  artifactKey: Guid(76d8ca8250d399a4b85d5af27f56b255) Importer(815301076,1909f56bfc062723c751e8b465ee728b)
Start importing Assets/Scripts/ChessPeice.cs using Guid(76d8ca8250d399a4b85d5af27f56b255) Importer(815301076,1909f56bfc062723c751e8b465ee728b)  -> (artifact id: '0e408d1b8d849d01585cac8ee51b766c') in 0.002619 seconds 
  Import took 0.022727 seconds .

========================================================================
Received Import Request.
  Time since last request: 41.589103 seconds.
  path: Assets/Scripts/ChessPeice.cs
  artifactKey: Guid(76d8ca8250d399a4b85d5af27f56b255) Importer(815301076,1909f56bfc062723c751e8b465ee728b)
Start importing Assets/Scripts/ChessPeice.cs using Guid(76d8ca8250d399a4b85d5af27f56b255) Importer(815301076,1909f56bfc062723c751e8b465ee728b)  -> (artifact id: '3de74187460745f33d5f4675308f92fa') in 0.002190 seconds 
  Import took 0.005692 seconds .

========================================================================
Received Import Request.
  Time since last request: 68.762961 seconds.
  path: Assets/Scripts/ChessPeice.cs
  artifactKey: Guid(76d8ca8250d399a4b85d5af27f56b255) Importer(815301076,1909f56bfc062723c751e8b465ee728b)
Start importing Assets/Scripts/ChessPeice.cs using Guid(76d8ca8250d399a4b85d5af27f56b255) Importer(815301076,1909f56bfc062723c751e8b465ee728b)  -> (artifact id: '429efc7b08ae8c869bdd35b661ca4dc8') in 0.002596 seconds 
  Import took 0.007734 seconds .

========================================================================
Received Import Request.
  Time since last request: 32.651465 seconds.
  path: Assets/Scripts/ChessPeice.cs
  artifactKey: Guid(76d8ca8250d399a4b85d5af27f56b255) Importer(815301076,1909f56bfc062723c751e8b465ee728b)
Start importing Assets/Scripts/ChessPeice.cs using Guid(76d8ca8250d399a4b85d5af27f56b255) Importer(815301076,1909f56bfc062723c751e8b465ee728b)  -> (artifact id: '8f83b2c43d46b26dbca265c6e2b59613') in 0.002844 seconds 
  Import took 0.006239 seconds .

========================================================================
Received Import Request.
  Time since last request: 34.144048 seconds.
  path: Assets/Scripts/ChessPeice.cs
  artifactKey: Guid(76d8ca8250d399a4b85d5af27f56b255) Importer(815301076,1909f56bfc062723c751e8b465ee728b)
Start importing Assets/Scripts/ChessPeice.cs using Guid(76d8ca8250d399a4b85d5af27f56b255) Importer(815301076,1909f56bfc062723c751e8b465ee728b)  -> (artifact id: 'f471cf32c131eb5594e921bcd8a7dca2') in 0.001867 seconds 
  Import took 0.030096 seconds .

========================================================================
Received Import Request.
  Time since last request: 49.805664 seconds.
  path: Assets/Scripts/ChessPeice.cs
  artifactKey: Guid(76d8ca8250d399a4b85d5af27f56b255) Importer(815301076,1909f56bfc062723c751e8b465ee728b)
Start importing Assets/Scripts/ChessPeice.cs using Guid(76d8ca8250d399a4b85d5af27f56b255) Importer(815301076,1909f56bfc062723c751e8b465ee728b)  -> (artifact id: 'e59f267b86110d6f312154d7209ffcc1') in 0.002994 seconds 
  Import took 0.007783 seconds .

========================================================================
Received Import Request.
  Time since last request: 15.325194 seconds.
  path: Assets/Scripts/ChessPeice.cs
  artifactKey: Guid(76d8ca8250d399a4b85d5af27f56b255) Importer(815301076,1909f56bfc062723c751e8b465ee728b)
Start importing Assets/Scripts/ChessPeice.cs using Guid(76d8ca8250d399a4b85d5af27f56b255) Importer(815301076,1909f56bfc062723c751e8b465ee728b)  -> (artifact id: 'e938e43bf0daa594509fe058f7d7bdc0') in 0.001927 seconds 
  Import took 0.004967 seconds .

========================================================================
Received Import Request.
  Time since last request: 35.356239 seconds.
  path: Assets/Scripts/ChessPeice.cs
  artifactKey: Guid(76d8ca8250d399a4b85d5af27f56b255) Importer(815301076,1909f56bfc062723c751e8b465ee728b)
Start importing Assets/Scripts/ChessPeice.cs using Guid(76d8ca8250d399a4b85d5af27f56b255) Importer(815301076,1909f56bfc062723c751e8b465ee728b)  -> (artifact id: '432c30b0c3b6a90983f6da88d8679ceb') in 0.003710 seconds 
  Import took 0.008009 seconds .

========================================================================
Received Import Request.
  Time since last request: 1.272755 seconds.
  path: Assets/Scripts/ChessPeice.cs
  artifactKey: Guid(76d8ca8250d399a4b85d5af27f56b255) Importer(815301076,1909f56bfc062723c751e8b465ee728b)
Start importing Assets/Scripts/ChessPeice.cs using Guid(76d8ca8250d399a4b85d5af27f56b255) Importer(815301076,1909f56bfc062723c751e8b465ee728b)  -> (artifact id: '8c240bb58eafb3fdba26ecc4a644fdf5') in 0.002073 seconds 
  Import took 0.026797 seconds .

========================================================================
Received Import Request.
  Time since last request: 29.537451 seconds.
  path: Assets/Scripts/ChessPeice.cs
  artifactKey: Guid(76d8ca8250d399a4b85d5af27f56b255) Importer(815301076,1909f56bfc062723c751e8b465ee728b)
Start importing Assets/Scripts/ChessPeice.cs using Guid(76d8ca8250d399a4b85d5af27f56b255) Importer(815301076,1909f56bfc062723c751e8b465ee728b)  -> (artifact id: 'fffd3b47d081b01367483d79d38d8d37') in 0.002042 seconds 
  Import took 0.005089 seconds .

========================================================================
Received Import Request.
  Time since last request: 23.109659 seconds.
  path: Assets/Scripts/ChessPeice.cs
  artifactKey: Guid(76d8ca8250d399a4b85d5af27f56b255) Importer(815301076,1909f56bfc062723c751e8b465ee728b)
Start importing Assets/Scripts/ChessPeice.cs using Guid(76d8ca8250d399a4b85d5af27f56b255) Importer(815301076,1909f56bfc062723c751e8b465ee728b)  -> (artifact id: 'bc222b8ef7b7fcdb56b842fc2eee112b') in 0.002546 seconds 
  Import took 0.023341 seconds .

========================================================================
Received Import Request.
  Time since last request: 29.651938 seconds.
  path: Assets/Scripts/ChessPeice.cs
  artifactKey: Guid(76d8ca8250d399a4b85d5af27f56b255) Importer(815301076,1909f56bfc062723c751e8b465ee728b)
Start importing Assets/Scripts/ChessPeice.cs using Guid(76d8ca8250d399a4b85d5af27f56b255) Importer(815301076,1909f56bfc062723c751e8b465ee728b)  -> (artifact id: '16307c25e80683bafef9327be5aa4a3a') in 0.004081 seconds 
  Import took 0.023497 seconds .

========================================================================
Received Import Request.
  Time since last request: 18.396852 seconds.
  path: Assets/Scripts/ChessPeice.cs
  artifactKey: Guid(76d8ca8250d399a4b85d5af27f56b255) Importer(815301076,1909f56bfc062723c751e8b465ee728b)
Start importing Assets/Scripts/ChessPeice.cs using Guid(76d8ca8250d399a4b85d5af27f56b255) Importer(815301076,1909f56bfc062723c751e8b465ee728b)  -> (artifact id: 'b283c3cc81f6e9e3c92d59ebe6d84e2f') in 0.002089 seconds 
  Import took 0.041458 seconds .

========================================================================
Received Import Request.
  Time since last request: 4.962694 seconds.
  path: Assets/Scripts/ChessPeice.cs
  artifactKey: Guid(76d8ca8250d399a4b85d5af27f56b255) Importer(815301076,1909f56bfc062723c751e8b465ee728b)
Start importing Assets/Scripts/ChessPeice.cs using Guid(76d8ca8250d399a4b85d5af27f56b255) Importer(815301076,1909f56bfc062723c751e8b465ee728b)  -> (artifact id: 'fc814f96b0436f498e4c74124c06443e') in 0.002508 seconds 
  Import took 0.005549 seconds .

========================================================================
Received Import Request.
  Time since last request: 3.780246 seconds.
  path: Assets/Scripts/ChessPeice.cs
  artifactKey: Guid(76d8ca8250d399a4b85d5af27f56b255) Importer(815301076,1909f56bfc062723c751e8b465ee728b)
Start importing Assets/Scripts/ChessPeice.cs using Guid(76d8ca8250d399a4b85d5af27f56b255) Importer(815301076,1909f56bfc062723c751e8b465ee728b)  -> (artifact id: 'efb77207f7ca471980adbe45c15b660b') in 0.001994 seconds 
  Import took 0.005856 seconds .

========================================================================
Received Import Request.
  Time since last request: 22.385768 seconds.
  path: Assets/Scripts/ChessPeice.cs
  artifactKey: Guid(76d8ca8250d399a4b85d5af27f56b255) Importer(815301076,1909f56bfc062723c751e8b465ee728b)
Start importing Assets/Scripts/ChessPeice.cs using Guid(76d8ca8250d399a4b85d5af27f56b255) Importer(815301076,1909f56bfc062723c751e8b465ee728b)  -> (artifact id: '451922cbf3974070e64ef3fcd467e88d') in 0.003057 seconds 
  Import took 0.006443 seconds .

========================================================================
Received Import Request.
  Time since last request: 13.663636 seconds.
  path: Assets/Scripts/ChessPeice.cs
  artifactKey: Guid(76d8ca8250d399a4b85d5af27f56b255) Importer(815301076,1909f56bfc062723c751e8b465ee728b)
Start importing Assets/Scripts/ChessPeice.cs using Guid(76d8ca8250d399a4b85d5af27f56b255) Importer(815301076,1909f56bfc062723c751e8b465ee728b)  -> (artifact id: '2401df0c5807ba75794ebf6a63986abb') in 0.003005 seconds 
  Import took 0.006388 seconds .

========================================================================
Received Import Request.
  Time since last request: 16.721851 seconds.
  path: Assets/Scripts/ChessPeice.cs
  artifactKey: Guid(76d8ca8250d399a4b85d5af27f56b255) Importer(815301076,1909f56bfc062723c751e8b465ee728b)
Start importing Assets/Scripts/ChessPeice.cs using Guid(76d8ca8250d399a4b85d5af27f56b255) Importer(815301076,1909f56bfc062723c751e8b465ee728b)  -> (artifact id: 'e3e8db604396ad0a64c9cecdf6acbce0') in 0.002198 seconds 
  Import took 0.019988 seconds .

========================================================================
Received Import Request.
  Time since last request: 9.640450 seconds.
  path: Assets/Scripts/ChessPeice.cs
  artifactKey: Guid(76d8ca8250d399a4b85d5af27f56b255) Importer(815301076,1909f56bfc062723c751e8b465ee728b)
Start importing Assets/Scripts/ChessPeice.cs using Guid(76d8ca8250d399a4b85d5af27f56b255) Importer(815301076,1909f56bfc062723c751e8b465ee728b)  -> (artifact id: '9fc4980c38fc912948090580eb41b5f6') in 0.002484 seconds 
  Import took 0.041818 seconds .

========================================================================
Received Import Request.
  Time since last request: 5.148704 seconds.
  path: Assets/Scripts/ChessPeice.cs
  artifactKey: Guid(76d8ca8250d399a4b85d5af27f56b255) Importer(815301076,1909f56bfc062723c751e8b465ee728b)
Start importing Assets/Scripts/ChessPeice.cs using Guid(76d8ca8250d399a4b85d5af27f56b255) Importer(815301076,1909f56bfc062723c751e8b465ee728b)  -> (artifact id: '3ff4ce2e5077a87fc3d05c78f9aa58d1') in 0.002427 seconds 
  Import took 0.005821 seconds .

========================================================================
Received Import Request.
  Time since last request: 179.950701 seconds.
  path: Assets/Scripts/ChessPeice.cs
  artifactKey: Guid(76d8ca8250d399a4b85d5af27f56b255) Importer(815301076,1909f56bfc062723c751e8b465ee728b)
Start importing Assets/Scripts/ChessPeice.cs using Guid(76d8ca8250d399a4b85d5af27f56b255) Importer(815301076,1909f56bfc062723c751e8b465ee728b)  -> (artifact id: '5f38a23c41e4ba2ae5b4334754d3093e') in 0.003248 seconds 
  Import took 0.007410 seconds .

========================================================================
Received Import Request.
  Time since last request: 7.089957 seconds.
  path: Assets/Scripts/ChessPeice.cs
  artifactKey: Guid(76d8ca8250d399a4b85d5af27f56b255) Importer(815301076,1909f56bfc062723c751e8b465ee728b)
Start importing Assets/Scripts/ChessPeice.cs using Guid(76d8ca8250d399a4b85d5af27f56b255) Importer(815301076,1909f56bfc062723c751e8b465ee728b)  -> (artifact id: '3f4984bdcf238b7abf587ad0d4b774a0') in 0.003062 seconds 
  Import took 0.007119 seconds .

========================================================================
Received Import Request.
  Time since last request: 71.877116 seconds.
  path: Assets/Scripts/ChessPeice.cs
  artifactKey: Guid(76d8ca8250d399a4b85d5af27f56b255) Importer(815301076,1909f56bfc062723c751e8b465ee728b)
Start importing Assets/Scripts/ChessPeice.cs using Guid(76d8ca8250d399a4b85d5af27f56b255) Importer(815301076,1909f56bfc062723c751e8b465ee728b)  -> (artifact id: 'd320d5264659b0683245f8871fc283f4') in 0.002886 seconds 
  Import took 0.006129 seconds .

========================================================================
Received Import Request.
  Time since last request: 5.502483 seconds.
  path: Assets/Scripts/ChessPeice.cs
  artifactKey: Guid(76d8ca8250d399a4b85d5af27f56b255) Importer(815301076,1909f56bfc062723c751e8b465ee728b)
Start importing Assets/Scripts/ChessPeice.cs using Guid(76d8ca8250d399a4b85d5af27f56b255) Importer(815301076,1909f56bfc062723c751e8b465ee728b)  -> (artifact id: 'c9b7bbd7f579f808633b6e73f1287891') in 0.002092 seconds 
  Import took 0.005327 seconds .

========================================================================
Received Import Request.
  Time since last request: 11.665221 seconds.
  path: Assets/Scripts/ChessPeice.cs
  artifactKey: Guid(76d8ca8250d399a4b85d5af27f56b255) Importer(815301076,1909f56bfc062723c751e8b465ee728b)
Start importing Assets/Scripts/ChessPeice.cs using Guid(76d8ca8250d399a4b85d5af27f56b255) Importer(815301076,1909f56bfc062723c751e8b465ee728b)  -> (artifact id: 'b4dd1d5617923f7474245dc44a982b83') in 0.003429 seconds 
  Import took 0.006913 seconds .

========================================================================
Received Import Request.
  Time since last request: 32.458115 seconds.
  path: Assets/Scripts/ChessPeice.cs
  artifactKey: Guid(76d8ca8250d399a4b85d5af27f56b255) Importer(815301076,1909f56bfc062723c751e8b465ee728b)
Start importing Assets/Scripts/ChessPeice.cs using Guid(76d8ca8250d399a4b85d5af27f56b255) Importer(815301076,1909f56bfc062723c751e8b465ee728b)  -> (artifact id: 'f28315e55382692936f960e35af695c1') in 0.001855 seconds 
  Import took 0.005312 seconds .

========================================================================
Received Import Request.
  Time since last request: 4.585228 seconds.
  path: Assets/Scripts/ChessPeice.cs
  artifactKey: Guid(76d8ca8250d399a4b85d5af27f56b255) Importer(815301076,1909f56bfc062723c751e8b465ee728b)
Start importing Assets/Scripts/ChessPeice.cs using Guid(76d8ca8250d399a4b85d5af27f56b255) Importer(815301076,1909f56bfc062723c751e8b465ee728b)  -> (artifact id: 'f47009ca936b6c224e67176c5c99de35') in 0.001913 seconds 
  Import took 0.005134 seconds .

========================================================================
Received Import Request.
  Time since last request: 15.798134 seconds.
  path: Assets/Scripts/ChessPeice.cs
  artifactKey: Guid(76d8ca8250d399a4b85d5af27f56b255) Importer(815301076,1909f56bfc062723c751e8b465ee728b)
Start importing Assets/Scripts/ChessPeice.cs using Guid(76d8ca8250d399a4b85d5af27f56b255) Importer(815301076,1909f56bfc062723c751e8b465ee728b)  -> (artifact id: '8a76231ad02986d9c84ca826ed22313c') in 0.002433 seconds 
  Import took 0.005896 seconds .

========================================================================
Received Import Request.
  Time since last request: 11.258532 seconds.
  path: Assets/Scripts/ChessPeice.cs
  artifactKey: Guid(76d8ca8250d399a4b85d5af27f56b255) Importer(815301076,1909f56bfc062723c751e8b465ee728b)
Start importing Assets/Scripts/ChessPeice.cs using Guid(76d8ca8250d399a4b85d5af27f56b255) Importer(815301076,1909f56bfc062723c751e8b465ee728b)  -> (artifact id: '3e02e230d1a88d89da9886169a8d8476') in 0.002748 seconds 
  Import took 0.006957 seconds .

========================================================================
Received Import Request.
  Time since last request: 5.671693 seconds.
  path: Assets/Scripts/ChessPeice.cs
  artifactKey: Guid(76d8ca8250d399a4b85d5af27f56b255) Importer(815301076,1909f56bfc062723c751e8b465ee728b)
Start importing Assets/Scripts/ChessPeice.cs using Guid(76d8ca8250d399a4b85d5af27f56b255) Importer(815301076,1909f56bfc062723c751e8b465ee728b)  -> (artifact id: '853ca70c09e7490b534d97abe5b20a94') in 0.002317 seconds 
  Import took 0.006370 seconds .

========================================================================
Received Import Request.
  Time since last request: 26.983440 seconds.
  path: Assets/Scripts/ChessPeice.cs
  artifactKey: Guid(76d8ca8250d399a4b85d5af27f56b255) Importer(815301076,1909f56bfc062723c751e8b465ee728b)
Start importing Assets/Scripts/ChessPeice.cs using Guid(76d8ca8250d399a4b85d5af27f56b255) Importer(815301076,1909f56bfc062723c751e8b465ee728b)  -> (artifact id: 'b49b9f0aa0683d9afbbaa13c4e95d947') in 0.002160 seconds 
  Import took 0.005642 seconds .

========================================================================
Received Import Request.
  Time since last request: 25.063871 seconds.
  path: Assets/Scripts/ChessPeice.cs
  artifactKey: Guid(76d8ca8250d399a4b85d5af27f56b255) Importer(815301076,1909f56bfc062723c751e8b465ee728b)
Start importing Assets/Scripts/ChessPeice.cs using Guid(76d8ca8250d399a4b85d5af27f56b255) Importer(815301076,1909f56bfc062723c751e8b465ee728b)  -> (artifact id: 'c58855843998c0305229db67e0325c66') in 0.001937 seconds 
  Import took 0.029762 seconds .

========================================================================
Received Import Request.
  Time since last request: 4.274943 seconds.
  path: Assets/Scripts/ChessPeice.cs
  artifactKey: Guid(76d8ca8250d399a4b85d5af27f56b255) Importer(815301076,1909f56bfc062723c751e8b465ee728b)
Start importing Assets/Scripts/ChessPeice.cs using Guid(76d8ca8250d399a4b85d5af27f56b255) Importer(815301076,1909f56bfc062723c751e8b465ee728b)  -> (artifact id: '7ec37ca9664866ca5aec85c8c6d668b7') in 0.002302 seconds 
  Import took 0.006358 seconds .

========================================================================
Received Import Request.
  Time since last request: 3.392810 seconds.
  path: Assets/Scripts/ChessPeice.cs
  artifactKey: Guid(76d8ca8250d399a4b85d5af27f56b255) Importer(815301076,1909f56bfc062723c751e8b465ee728b)
Start importing Assets/Scripts/ChessPeice.cs using Guid(76d8ca8250d399a4b85d5af27f56b255) Importer(815301076,1909f56bfc062723c751e8b465ee728b)  -> (artifact id: 'e9888330972323af9a5d2f3c433324ab') in 0.002193 seconds 
  Import took 0.022210 seconds .

========================================================================
Received Import Request.
  Time since last request: 14.599634 seconds.
  path: Assets/Scripts/ChessPeice.cs
  artifactKey: Guid(76d8ca8250d399a4b85d5af27f56b255) Importer(815301076,1909f56bfc062723c751e8b465ee728b)
Start importing Assets/Scripts/ChessPeice.cs using Guid(76d8ca8250d399a4b85d5af27f56b255) Importer(815301076,1909f56bfc062723c751e8b465ee728b)  -> (artifact id: '574a40de7b72679042b91e84b8dbaa30') in 0.002771 seconds 
  Import took 0.006753 seconds .

========================================================================
Received Import Request.
  Time since last request: 6.406336 seconds.
  path: Assets/Scripts/ChessPeice.cs
  artifactKey: Guid(76d8ca8250d399a4b85d5af27f56b255) Importer(815301076,1909f56bfc062723c751e8b465ee728b)
Start importing Assets/Scripts/ChessPeice.cs using Guid(76d8ca8250d399a4b85d5af27f56b255) Importer(815301076,1909f56bfc062723c751e8b465ee728b)  -> (artifact id: 'af4bcbeee6a0d66aee94868feb480884') in 0.001845 seconds 
  Import took 0.005625 seconds .

========================================================================
Received Import Request.
  Time since last request: 101.700708 seconds.
  path: Assets/Scripts/ChessPeice.cs
  artifactKey: Guid(76d8ca8250d399a4b85d5af27f56b255) Importer(815301076,1909f56bfc062723c751e8b465ee728b)
Start importing Assets/Scripts/ChessPeice.cs using Guid(76d8ca8250d399a4b85d5af27f56b255) Importer(815301076,1909f56bfc062723c751e8b465ee728b)  -> (artifact id: '4b66fd142155a13e7903873409b4ffb1') in 0.002190 seconds 
  Import took 0.005959 seconds .

========================================================================
Received Import Request.
  Time since last request: 19.219457 seconds.
  path: Assets/Scripts/ChessPeice.cs
  artifactKey: Guid(76d8ca8250d399a4b85d5af27f56b255) Importer(815301076,1909f56bfc062723c751e8b465ee728b)
Start importing Assets/Scripts/ChessPeice.cs using Guid(76d8ca8250d399a4b85d5af27f56b255) Importer(815301076,1909f56bfc062723c751e8b465ee728b)  -> (artifact id: 'b60f239d8c3b62ee89a519519f21c2af') in 0.003071 seconds 
  Import took 0.006476 seconds .

========================================================================
Received Import Request.
  Time since last request: 9.935968 seconds.
  path: Assets/Scripts/ChessPeice.cs
  artifactKey: Guid(76d8ca8250d399a4b85d5af27f56b255) Importer(815301076,1909f56bfc062723c751e8b465ee728b)
Start importing Assets/Scripts/ChessPeice.cs using Guid(76d8ca8250d399a4b85d5af27f56b255) Importer(815301076,1909f56bfc062723c751e8b465ee728b)  -> (artifact id: 'f6bc45a2f4d8810749ca2c82e60de2b3') in 0.001779 seconds 
  Import took 0.017090 seconds .

========================================================================
Received Import Request.
  Time since last request: 14.243609 seconds.
  path: Assets/Scripts/ChessPeice.cs
  artifactKey: Guid(76d8ca8250d399a4b85d5af27f56b255) Importer(815301076,1909f56bfc062723c751e8b465ee728b)
Start importing Assets/Scripts/ChessPeice.cs using Guid(76d8ca8250d399a4b85d5af27f56b255) Importer(815301076,1909f56bfc062723c751e8b465ee728b)  -> (artifact id: '1ced7c7c91236ec9452d1c91c113fd40') in 0.002526 seconds 
  Import took 0.006677 seconds .

========================================================================
Received Import Request.
  Time since last request: 12.740421 seconds.
  path: Assets/Scripts/ChessPeice.cs
  artifactKey: Guid(76d8ca8250d399a4b85d5af27f56b255) Importer(815301076,1909f56bfc062723c751e8b465ee728b)
Start importing Assets/Scripts/ChessPeice.cs using Guid(76d8ca8250d399a4b85d5af27f56b255) Importer(815301076,1909f56bfc062723c751e8b465ee728b)  -> (artifact id: '342d24c6acd1f7ac0f8d5df09998e874') in 0.002073 seconds 
  Import took 0.005190 seconds .

========================================================================
Received Import Request.
  Time since last request: 35.730670 seconds.
  path: Assets/Scripts/ChessPeice.cs
  artifactKey: Guid(76d8ca8250d399a4b85d5af27f56b255) Importer(815301076,1909f56bfc062723c751e8b465ee728b)
Start importing Assets/Scripts/ChessPeice.cs using Guid(76d8ca8250d399a4b85d5af27f56b255) Importer(815301076,1909f56bfc062723c751e8b465ee728b)  -> (artifact id: 'b121b39c39c3a62ba9da7be0948aba01') in 0.002911 seconds 
  Import took 0.007326 seconds .

========================================================================
Received Prepare
Registering precompiled user dll's ...
Registered in 0.003802 seconds.
Begin MonoManager ReloadAssembly
Native extension for WindowsStandalone target not found
Native extension for WebGL target not found
Refreshing native plugins compatible for Editor in 0.43 ms, found 3 plugins.
Preloading 0 native plugins for Editor in 0.00 ms.
Mono: successfully reloaded assembly
- Completed reload, in  0.896 seconds
Domain Reload Profiling:
	ReloadAssembly (897ms)
		BeginReloadAssembly (114ms)
			ExecutionOrderSort (0ms)
			DisableScriptedObjects (6ms)
			BackupInstance (0ms)
			ReleaseScriptingObjects (0ms)
			CreateAndSetChildDomain (33ms)
		EndReloadAssembly (718ms)
			LoadAssemblies (79ms)
			RebuildTransferFunctionScriptingTraits (0ms)
			SetupTypeCache (257ms)
			ReleaseScriptCaches (1ms)
			RebuildScriptCaches (36ms)
			SetupLoadedEditorAssemblies (259ms)
				LogAssemblyErrors (0ms)
				InitializePlatformSupportModulesInManaged (4ms)
				SetLoadedEditorAssemblies (0ms)
				RefreshPlugins (0ms)
				BeforeProcessingInitializeOnLoad (73ms)
				ProcessInitializeOnLoadAttributes (166ms)
				ProcessInitializeOnLoadMethodAttributes (9ms)
				AfterProcessingInitializeOnLoad (5ms)
				EditorAssembliesLoaded (0ms)
			ExecutionOrderSort2 (0ms)
			AwakeInstancesAfterBackupRestoration (8ms)
Platform modules already initialized, skipping
Refreshing native plugins compatible for Editor in 0.42 ms, found 3 plugins.
Preloading 0 native plugins for Editor in 0.00 ms.
Unloading 2188 Unused Serialized files (Serialized files now loaded: 0)
System memory in use before: 96.3 MB.
System memory in use after: 96.5 MB.

Unloading 17 unused Assets to reduce memory usage. Loaded Objects now: 2651.
Total: 3.035100 ms (FindLiveObjects: 0.143300 ms CreateObjectMapping: 0.068500 ms MarkObjects: 2.806800 ms  DeleteObjects: 0.015700 ms)

AssetImportParameters requested are different than current active one (requested -> active):
  custom:framework-win-MediaFoundation: 216162199b28c13a410421893ffa2e32 -> 
  custom:video-decoder-ogg-theora: a1e56fd34408186e4bbccfd4996cb3dc -> 
  custom:container-muxer-webm: aa71ff27fc2769a1b78a27578f13a17b -> 
  custom:container-demuxer-webm: 4f35f7cbe854078d1ac9338744f61a02 -> 
  custom:container-demuxer-ogg: 62fdf1f143b41e24485cea50d1cbac27 -> 
  custom:video-encoder-webm-vp8: eb34c28f22e8b96e1ab97ce403110664 -> 
  custom:video-decoder-webm-vp8: 9c59270c3fd7afecdb556c50c9e8de78 -> 
  custom:audio-decoder-ogg-vorbis: bf7c407c2cedff20999df2af8eb42d56 -> 
  custom:audio-encoder-webm-vorbis: bf7c407c2cedff20999df2af8eb42d56 -> 
========================================================================
Received Import Request.
  Time since last request: 80.459151 seconds.
  path: Assets/Scripts/ChessPeice.cs
  artifactKey: Guid(76d8ca8250d399a4b85d5af27f56b255) Importer(815301076,1909f56bfc062723c751e8b465ee728b)
Start importing Assets/Scripts/ChessPeice.cs using Guid(76d8ca8250d399a4b85d5af27f56b255) Importer(815301076,1909f56bfc062723c751e8b465ee728b)  -> (artifact id: '2a5e10a6abf4aec23d9096e14b692640') in 0.007821 seconds 
  Import took 0.013289 seconds .

========================================================================
Received Prepare
Registering precompiled user dll's ...
Registered in 0.003565 seconds.
Begin MonoManager ReloadAssembly
Native extension for WindowsStandalone target not found
Native extension for WebGL target not found
Refreshing native plugins compatible for Editor in 0.50 ms, found 3 plugins.
Preloading 0 native plugins for Editor in 0.00 ms.
Mono: successfully reloaded assembly
- Completed reload, in  0.890 seconds
Domain Reload Profiling:
	ReloadAssembly (891ms)
		BeginReloadAssembly (98ms)
			ExecutionOrderSort (0ms)
			DisableScriptedObjects (6ms)
			BackupInstance (0ms)
			ReleaseScriptingObjects (0ms)
			CreateAndSetChildDomain (31ms)
		EndReloadAssembly (737ms)
			LoadAssemblies (77ms)
			RebuildTransferFunctionScriptingTraits (0ms)
			SetupTypeCache (272ms)
			ReleaseScriptCaches (1ms)
			RebuildScriptCaches (38ms)
			SetupLoadedEditorAssemblies (259ms)
				LogAssemblyErrors (0ms)
				InitializePlatformSupportModulesInManaged (5ms)
				SetLoadedEditorAssemblies (0ms)
				RefreshPlugins (1ms)
				BeforeProcessingInitializeOnLoad (73ms)
				ProcessInitializeOnLoadAttributes (165ms)
				ProcessInitializeOnLoadMethodAttributes (9ms)
				AfterProcessingInitializeOnLoad (5ms)
				EditorAssembliesLoaded (0ms)
			ExecutionOrderSort2 (0ms)
			AwakeInstancesAfterBackupRestoration (9ms)
Platform modules already initialized, skipping
Refreshing native plugins compatible for Editor in 0.46 ms, found 3 plugins.
Preloading 0 native plugins for Editor in 0.00 ms.
Unloading 2188 Unused Serialized files (Serialized files now loaded: 0)
System memory in use before: 96.4 MB.
System memory in use after: 96.5 MB.

Unloading 17 unused Assets to reduce memory usage. Loaded Objects now: 2653.
Total: 3.352200 ms (FindLiveObjects: 0.209200 ms CreateObjectMapping: 0.103400 ms MarkObjects: 3.021300 ms  DeleteObjects: 0.016900 ms)

AssetImportParameters requested are different than current active one (requested -> active):
  custom:framework-win-MediaFoundation: 216162199b28c13a410421893ffa2e32 -> 
  custom:video-decoder-ogg-theora: a1e56fd34408186e4bbccfd4996cb3dc -> 
  custom:container-muxer-webm: aa71ff27fc2769a1b78a27578f13a17b -> 
  custom:container-demuxer-webm: 4f35f7cbe854078d1ac9338744f61a02 -> 
  custom:container-demuxer-ogg: 62fdf1f143b41e24485cea50d1cbac27 -> 
  custom:video-encoder-webm-vp8: eb34c28f22e8b96e1ab97ce403110664 -> 
  custom:video-decoder-webm-vp8: 9c59270c3fd7afecdb556c50c9e8de78 -> 
  custom:audio-decoder-ogg-vorbis: bf7c407c2cedff20999df2af8eb42d56 -> 
  custom:audio-encoder-webm-vorbis: bf7c407c2cedff20999df2af8eb42d56 -> 
========================================================================
Received Import Request.
  Time since last request: 18.987834 seconds.
  path: Assets/Scripts/ChessPeice.cs
  artifactKey: Guid(76d8ca8250d399a4b85d5af27f56b255) Importer(815301076,1909f56bfc062723c751e8b465ee728b)
Start importing Assets/Scripts/ChessPeice.cs using Guid(76d8ca8250d399a4b85d5af27f56b255) Importer(815301076,1909f56bfc062723c751e8b465ee728b)  -> (artifact id: '62356e59a332cb706278ed4f2831cb64') in 0.006187 seconds 
  Import took 0.009849 seconds .

========================================================================
Received Prepare
Registering precompiled user dll's ...
Registered in 0.003769 seconds.
Begin MonoManager ReloadAssembly
Native extension for WindowsStandalone target not found
Native extension for WebGL target not found
Refreshing native plugins compatible for Editor in 0.45 ms, found 3 plugins.
Preloading 0 native plugins for Editor in 0.00 ms.
Mono: successfully reloaded assembly
- Completed reload, in  0.905 seconds
Domain Reload Profiling:
	ReloadAssembly (906ms)
		BeginReloadAssembly (109ms)
			ExecutionOrderSort (0ms)
			DisableScriptedObjects (6ms)
			BackupInstance (0ms)
			ReleaseScriptingObjects (0ms)
			CreateAndSetChildDomain (32ms)
		EndReloadAssembly (739ms)
			LoadAssemblies (79ms)
			RebuildTransferFunctionScriptingTraits (0ms)
			SetupTypeCache (263ms)
			ReleaseScriptCaches (1ms)
			RebuildScriptCaches (36ms)
			SetupLoadedEditorAssemblies (270ms)
				LogAssemblyErrors (0ms)
				InitializePlatformSupportModulesInManaged (5ms)
				SetLoadedEditorAssemblies (0ms)
				RefreshPlugins (0ms)
				BeforeProcessingInitializeOnLoad (80ms)
				ProcessInitializeOnLoadAttributes (169ms)
				ProcessInitializeOnLoadMethodAttributes (9ms)
				AfterProcessingInitializeOnLoad (6ms)
				EditorAssembliesLoaded (0ms)
			ExecutionOrderSort2 (0ms)
			AwakeInstancesAfterBackupRestoration (8ms)
Platform modules already initialized, skipping
Refreshing native plugins compatible for Editor in 0.47 ms, found 3 plugins.
Preloading 0 native plugins for Editor in 0.00 ms.
Unloading 2188 Unused Serialized files (Serialized files now loaded: 0)
System memory in use before: 96.4 MB.
System memory in use after: 96.5 MB.

Unloading 17 unused Assets to reduce memory usage. Loaded Objects now: 2655.
Total: 2.528800 ms (FindLiveObjects: 0.143000 ms CreateObjectMapping: 0.067500 ms MarkObjects: 2.302900 ms  DeleteObjects: 0.014600 ms)

AssetImportParameters requested are different than current active one (requested -> active):
  custom:framework-win-MediaFoundation: 216162199b28c13a410421893ffa2e32 -> 
  custom:video-decoder-ogg-theora: a1e56fd34408186e4bbccfd4996cb3dc -> 
  custom:container-muxer-webm: aa71ff27fc2769a1b78a27578f13a17b -> 
  custom:container-demuxer-webm: 4f35f7cbe854078d1ac9338744f61a02 -> 
  custom:container-demuxer-ogg: 62fdf1f143b41e24485cea50d1cbac27 -> 
  custom:video-encoder-webm-vp8: eb34c28f22e8b96e1ab97ce403110664 -> 
  custom:video-decoder-webm-vp8: 9c59270c3fd7afecdb556c50c9e8de78 -> 
  custom:audio-decoder-ogg-vorbis: bf7c407c2cedff20999df2af8eb42d56 -> 
  custom:audio-encoder-webm-vorbis: bf7c407c2cedff20999df2af8eb42d56 -> 
========================================================================
Received Import Request.
  Time since last request: 11.619190 seconds.
  path: Assets/Scripts/ChessPeice.cs
  artifactKey: Guid(76d8ca8250d399a4b85d5af27f56b255) Importer(815301076,1909f56bfc062723c751e8b465ee728b)
Start importing Assets/Scripts/ChessPeice.cs using Guid(76d8ca8250d399a4b85d5af27f56b255) Importer(815301076,1909f56bfc062723c751e8b465ee728b)  -> (artifact id: 'b6660922aee20fdb9888cf33f73f013c') in 0.007126 seconds 
  Import took 0.010712 seconds .

========================================================================
Received Prepare
Registering precompiled user dll's ...
Registered in 0.003575 seconds.
Begin MonoManager ReloadAssembly
Native extension for WindowsStandalone target not found
Native extension for WebGL target not found
Refreshing native plugins compatible for Editor in 0.43 ms, found 3 plugins.
Preloading 0 native plugins for Editor in 0.00 ms.
Mono: successfully reloaded assembly
- Completed reload, in  0.927 seconds
Domain Reload Profiling:
	ReloadAssembly (927ms)
		BeginReloadAssembly (108ms)
			ExecutionOrderSort (0ms)
			DisableScriptedObjects (5ms)
			BackupInstance (0ms)
			ReleaseScriptingObjects (0ms)
			CreateAndSetChildDomain (32ms)
		EndReloadAssembly (760ms)
			LoadAssemblies (89ms)
			RebuildTransferFunctionScriptingTraits (0ms)
			SetupTypeCache (270ms)
			ReleaseScriptCaches (1ms)
			RebuildScriptCaches (40ms)
			SetupLoadedEditorAssemblies (269ms)
				LogAssemblyErrors (0ms)
				InitializePlatformSupportModulesInManaged (5ms)
				SetLoadedEditorAssemblies (0ms)
				RefreshPlugins (0ms)
				BeforeProcessingInitializeOnLoad (77ms)
				ProcessInitializeOnLoadAttributes (171ms)
				ProcessInitializeOnLoadMethodAttributes (10ms)
				AfterProcessingInitializeOnLoad (6ms)
				EditorAssembliesLoaded (0ms)
			ExecutionOrderSort2 (0ms)
			AwakeInstancesAfterBackupRestoration (9ms)
Platform modules already initialized, skipping
Refreshing native plugins compatible for Editor in 0.41 ms, found 3 plugins.
Preloading 0 native plugins for Editor in 0.00 ms.
Unloading 2188 Unused Serialized files (Serialized files now loaded: 0)
System memory in use before: 96.4 MB.
System memory in use after: 96.5 MB.

Unloading 17 unused Assets to reduce memory usage. Loaded Objects now: 2657.
Total: 2.554800 ms (FindLiveObjects: 0.149800 ms CreateObjectMapping: 0.066400 ms MarkObjects: 2.324800 ms  DeleteObjects: 0.013100 ms)

AssetImportParameters requested are different than current active one (requested -> active):
  custom:framework-win-MediaFoundation: 216162199b28c13a410421893ffa2e32 -> 
  custom:video-decoder-ogg-theora: a1e56fd34408186e4bbccfd4996cb3dc -> 
  custom:container-muxer-webm: aa71ff27fc2769a1b78a27578f13a17b -> 
  custom:container-demuxer-webm: 4f35f7cbe854078d1ac9338744f61a02 -> 
  custom:container-demuxer-ogg: 62fdf1f143b41e24485cea50d1cbac27 -> 
  custom:video-encoder-webm-vp8: eb34c28f22e8b96e1ab97ce403110664 -> 
  custom:video-decoder-webm-vp8: 9c59270c3fd7afecdb556c50c9e8de78 -> 
  custom:audio-decoder-ogg-vorbis: bf7c407c2cedff20999df2af8eb42d56 -> 
  custom:audio-encoder-webm-vorbis: bf7c407c2cedff20999df2af8eb42d56 -> 
========================================================================
Received Import Request.
  Time since last request: 7.667030 seconds.
  path: Assets/Scripts/ChessPeice.cs
  artifactKey: Guid(76d8ca8250d399a4b85d5af27f56b255) Importer(815301076,1909f56bfc062723c751e8b465ee728b)
Start importing Assets/Scripts/ChessPeice.cs using Guid(76d8ca8250d399a4b85d5af27f56b255) Importer(815301076,1909f56bfc062723c751e8b465ee728b)  -> (artifact id: '6ea72ca90727a3f9868b35e6110e7123') in 0.004617 seconds 
  Import took 0.007602 seconds .

========================================================================
Received Prepare
Registering precompiled user dll's ...
Registered in 0.003453 seconds.
Begin MonoManager ReloadAssembly
Native extension for WindowsStandalone target not found
Native extension for WebGL target not found
Refreshing native plugins compatible for Editor in 0.46 ms, found 3 plugins.
Preloading 0 native plugins for Editor in 0.00 ms.
Mono: successfully reloaded assembly
- Completed reload, in  0.876 seconds
Domain Reload Profiling:
	ReloadAssembly (877ms)
		BeginReloadAssembly (105ms)
			ExecutionOrderSort (0ms)
			DisableScriptedObjects (6ms)
			BackupInstance (0ms)
			ReleaseScriptingObjects (0ms)
			CreateAndSetChildDomain (30ms)
		EndReloadAssembly (717ms)
			LoadAssemblies (76ms)
			RebuildTransferFunctionScriptingTraits (0ms)
			SetupTypeCache (249ms)
			ReleaseScriptCaches (1ms)
			RebuildScriptCaches (42ms)
			SetupLoadedEditorAssemblies (255ms)
				LogAssemblyErrors (0ms)
				InitializePlatformSupportModulesInManaged (5ms)
				SetLoadedEditorAssemblies (0ms)
				RefreshPlugins (0ms)
				BeforeProcessingInitializeOnLoad (72ms)
				ProcessInitializeOnLoadAttributes (162ms)
				ProcessInitializeOnLoadMethodAttributes (10ms)
				AfterProcessingInitializeOnLoad (5ms)
				EditorAssembliesLoaded (0ms)
			ExecutionOrderSort2 (0ms)
			AwakeInstancesAfterBackupRestoration (8ms)
Platform modules already initialized, skipping
Refreshing native plugins compatible for Editor in 0.43 ms, found 3 plugins.
Preloading 0 native plugins for Editor in 0.00 ms.
Unloading 2188 Unused Serialized files (Serialized files now loaded: 0)
System memory in use before: 96.4 MB.
System memory in use after: 96.5 MB.

Unloading 17 unused Assets to reduce memory usage. Loaded Objects now: 2659.
Total: 2.501200 ms (FindLiveObjects: 0.141900 ms CreateObjectMapping: 0.065200 ms MarkObjects: 2.279500 ms  DeleteObjects: 0.013500 ms)

AssetImportParameters requested are different than current active one (requested -> active):
  custom:framework-win-MediaFoundation: 216162199b28c13a410421893ffa2e32 -> 
  custom:video-decoder-ogg-theora: a1e56fd34408186e4bbccfd4996cb3dc -> 
  custom:container-muxer-webm: aa71ff27fc2769a1b78a27578f13a17b -> 
  custom:container-demuxer-webm: 4f35f7cbe854078d1ac9338744f61a02 -> 
  custom:container-demuxer-ogg: 62fdf1f143b41e24485cea50d1cbac27 -> 
  custom:video-encoder-webm-vp8: eb34c28f22e8b96e1ab97ce403110664 -> 
  custom:video-decoder-webm-vp8: 9c59270c3fd7afecdb556c50c9e8de78 -> 
  custom:audio-decoder-ogg-vorbis: bf7c407c2cedff20999df2af8eb42d56 -> 
  custom:audio-encoder-webm-vorbis: bf7c407c2cedff20999df2af8eb42d56 -> 
========================================================================
Received Import Request.
  Time since last request: 3.803845 seconds.
  path: Assets/Scripts/ChessPeice.cs
  artifactKey: Guid(76d8ca8250d399a4b85d5af27f56b255) Importer(815301076,1909f56bfc062723c751e8b465ee728b)
Start importing Assets/Scripts/ChessPeice.cs using Guid(76d8ca8250d399a4b85d5af27f56b255) Importer(815301076,1909f56bfc062723c751e8b465ee728b)  -> (artifact id: '2972354c280ac5e451d1076f60ca405a') in 0.007191 seconds 
  Import took 0.011343 seconds .

========================================================================
Received Prepare
Registering precompiled user dll's ...
Registered in 0.003486 seconds.
Begin MonoManager ReloadAssembly
Native extension for WindowsStandalone target not found
Native extension for WebGL target not found
Refreshing native plugins compatible for Editor in 0.47 ms, found 3 plugins.
Preloading 0 native plugins for Editor in 0.00 ms.
Mono: successfully reloaded assembly
- Completed reload, in  0.939 seconds
Domain Reload Profiling:
	ReloadAssembly (940ms)
		BeginReloadAssembly (104ms)
			ExecutionOrderSort (0ms)
			DisableScriptedObjects (5ms)
			BackupInstance (0ms)
			ReleaseScriptingObjects (0ms)
			CreateAndSetChildDomain (30ms)
		EndReloadAssembly (779ms)
			LoadAssemblies (79ms)
			RebuildTransferFunctionScriptingTraits (0ms)
			SetupTypeCache (311ms)
			ReleaseScriptCaches (1ms)
			RebuildScriptCaches (36ms)
			SetupLoadedEditorAssemblies (262ms)
				LogAssemblyErrors (0ms)
				InitializePlatformSupportModulesInManaged (5ms)
				SetLoadedEditorAssemblies (1ms)
				RefreshPlugins (1ms)
				BeforeProcessingInitializeOnLoad (75ms)
				ProcessInitializeOnLoadAttributes (166ms)
				ProcessInitializeOnLoadMethodAttributes (9ms)
				AfterProcessingInitializeOnLoad (6ms)
				EditorAssembliesLoaded (0ms)
			ExecutionOrderSort2 (0ms)
			AwakeInstancesAfterBackupRestoration (8ms)
Platform modules already initialized, skipping
Refreshing native plugins compatible for Editor in 0.43 ms, found 3 plugins.
Preloading 0 native plugins for Editor in 0.00 ms.
Unloading 2188 Unused Serialized files (Serialized files now loaded: 0)
System memory in use before: 96.4 MB.
System memory in use after: 96.5 MB.

Unloading 17 unused Assets to reduce memory usage. Loaded Objects now: 2661.
Total: 3.542000 ms (FindLiveObjects: 0.421500 ms CreateObjectMapping: 0.177700 ms MarkObjects: 2.923800 ms  DeleteObjects: 0.017400 ms)

AssetImportParameters requested are different than current active one (requested -> active):
  custom:framework-win-MediaFoundation: 216162199b28c13a410421893ffa2e32 -> 
  custom:video-decoder-ogg-theora: a1e56fd34408186e4bbccfd4996cb3dc -> 
  custom:container-muxer-webm: aa71ff27fc2769a1b78a27578f13a17b -> 
  custom:container-demuxer-webm: 4f35f7cbe854078d1ac9338744f61a02 -> 
  custom:container-demuxer-ogg: 62fdf1f143b41e24485cea50d1cbac27 -> 
  custom:video-encoder-webm-vp8: eb34c28f22e8b96e1ab97ce403110664 -> 
  custom:video-decoder-webm-vp8: 9c59270c3fd7afecdb556c50c9e8de78 -> 
  custom:audio-decoder-ogg-vorbis: bf7c407c2cedff20999df2af8eb42d56 -> 
  custom:audio-encoder-webm-vorbis: bf7c407c2cedff20999df2af8eb42d56 -> 
========================================================================
Received Import Request.
  Time since last request: 10.337436 seconds.
  path: Assets/Scripts/ChessPeice.cs
  artifactKey: Guid(76d8ca8250d399a4b85d5af27f56b255) Importer(815301076,1909f56bfc062723c751e8b465ee728b)
Start importing Assets/Scripts/ChessPeice.cs using Guid(76d8ca8250d399a4b85d5af27f56b255) Importer(815301076,1909f56bfc062723c751e8b465ee728b)  -> (artifact id: 'ce2b499833c9101f7de952a589fbe180') in 0.004884 seconds 
  Import took 0.018799 seconds .

========================================================================
Received Prepare
Registering precompiled user dll's ...
Registered in 0.004107 seconds.
Begin MonoManager ReloadAssembly
Native extension for WindowsStandalone target not found
Native extension for WebGL target not found
Refreshing native plugins compatible for Editor in 0.46 ms, found 3 plugins.
Preloading 0 native plugins for Editor in 0.00 ms.
Mono: successfully reloaded assembly
- Completed reload, in  0.891 seconds
Domain Reload Profiling:
	ReloadAssembly (891ms)
		BeginReloadAssembly (102ms)
			ExecutionOrderSort (0ms)
			DisableScriptedObjects (6ms)
			BackupInstance (0ms)
			ReleaseScriptingObjects (0ms)
			CreateAndSetChildDomain (32ms)
		EndReloadAssembly (733ms)
			LoadAssemblies (82ms)
			RebuildTransferFunctionScriptingTraits (0ms)
			SetupTypeCache (260ms)
			ReleaseScriptCaches (1ms)
			RebuildScriptCaches (38ms)
			SetupLoadedEditorAssemblies (262ms)
				LogAssemblyErrors (0ms)
				InitializePlatformSupportModulesInManaged (5ms)
				SetLoadedEditorAssemblies (0ms)
				RefreshPlugins (1ms)
				BeforeProcessingInitializeOnLoad (74ms)
				ProcessInitializeOnLoadAttributes (166ms)
				ProcessInitializeOnLoadMethodAttributes (11ms)
				AfterProcessingInitializeOnLoad (5ms)
				EditorAssembliesLoaded (0ms)
			ExecutionOrderSort2 (0ms)
			AwakeInstancesAfterBackupRestoration (10ms)
Platform modules already initialized, skipping
Refreshing native plugins compatible for Editor in 0.50 ms, found 3 plugins.
Preloading 0 native plugins for Editor in 0.00 ms.
Unloading 2188 Unused Serialized files (Serialized files now loaded: 0)
System memory in use before: 96.4 MB.
System memory in use after: 96.5 MB.

Unloading 17 unused Assets to reduce memory usage. Loaded Objects now: 2663.
Total: 2.727100 ms (FindLiveObjects: 0.158500 ms CreateObjectMapping: 0.078700 ms MarkObjects: 2.474300 ms  DeleteObjects: 0.014800 ms)

AssetImportParameters requested are different than current active one (requested -> active):
  custom:framework-win-MediaFoundation: 216162199b28c13a410421893ffa2e32 -> 
  custom:video-decoder-ogg-theora: a1e56fd34408186e4bbccfd4996cb3dc -> 
  custom:container-muxer-webm: aa71ff27fc2769a1b78a27578f13a17b -> 
  custom:container-demuxer-webm: 4f35f7cbe854078d1ac9338744f61a02 -> 
  custom:container-demuxer-ogg: 62fdf1f143b41e24485cea50d1cbac27 -> 
  custom:video-encoder-webm-vp8: eb34c28f22e8b96e1ab97ce403110664 -> 
  custom:video-decoder-webm-vp8: 9c59270c3fd7afecdb556c50c9e8de78 -> 
  custom:audio-decoder-ogg-vorbis: bf7c407c2cedff20999df2af8eb42d56 -> 
  custom:audio-encoder-webm-vorbis: bf7c407c2cedff20999df2af8eb42d56 -> 
========================================================================
Received Import Request.
  Time since last request: 14.464206 seconds.
  path: Assets/Scripts/ChessPeice.cs
  artifactKey: Guid(76d8ca8250d399a4b85d5af27f56b255) Importer(815301076,1909f56bfc062723c751e8b465ee728b)
Start importing Assets/Scripts/ChessPeice.cs using Guid(76d8ca8250d399a4b85d5af27f56b255) Importer(815301076,1909f56bfc062723c751e8b465ee728b)  -> (artifact id: 'a845c15ae3015d3174108e18a97adac7') in 0.007454 seconds 
  Import took 0.010710 seconds .

========================================================================
Received Prepare
Registering precompiled user dll's ...
Registered in 0.003852 seconds.
Begin MonoManager ReloadAssembly
Native extension for WindowsStandalone target not found
Native extension for WebGL target not found
Refreshing native plugins compatible for Editor in 0.55 ms, found 3 plugins.
Preloading 0 native plugins for Editor in 0.00 ms.
Mono: successfully reloaded assembly
- Completed reload, in  0.983 seconds
Domain Reload Profiling:
	ReloadAssembly (983ms)
		BeginReloadAssembly (114ms)
			ExecutionOrderSort (0ms)
			DisableScriptedObjects (5ms)
			BackupInstance (0ms)
			ReleaseScriptingObjects (0ms)
			CreateAndSetChildDomain (29ms)
		EndReloadAssembly (807ms)
			LoadAssemblies (89ms)
			RebuildTransferFunctionScriptingTraits (0ms)
			SetupTypeCache (302ms)
			ReleaseScriptCaches (1ms)
			RebuildScriptCaches (39ms)
			SetupLoadedEditorAssemblies (274ms)
				LogAssemblyErrors (0ms)
				InitializePlatformSupportModulesInManaged (5ms)
				SetLoadedEditorAssemblies (0ms)
				RefreshPlugins (1ms)
				BeforeProcessingInitializeOnLoad (81ms)
				ProcessInitializeOnLoadAttributes (172ms)
				ProcessInitializeOnLoadMethodAttributes (9ms)
				AfterProcessingInitializeOnLoad (5ms)
				EditorAssembliesLoaded (0ms)
			ExecutionOrderSort2 (0ms)
			AwakeInstancesAfterBackupRestoration (8ms)
Platform modules already initialized, skipping
Refreshing native plugins compatible for Editor in 0.48 ms, found 3 plugins.
Preloading 0 native plugins for Editor in 0.00 ms.
Unloading 2188 Unused Serialized files (Serialized files now loaded: 0)
System memory in use before: 96.4 MB.
System memory in use after: 96.5 MB.

Unloading 17 unused Assets to reduce memory usage. Loaded Objects now: 2665.
Total: 2.544300 ms (FindLiveObjects: 0.155100 ms CreateObjectMapping: 0.076100 ms MarkObjects: 2.299300 ms  DeleteObjects: 0.013100 ms)

AssetImportParameters requested are different than current active one (requested -> active):
  custom:framework-win-MediaFoundation: 216162199b28c13a410421893ffa2e32 -> 
  custom:video-decoder-ogg-theora: a1e56fd34408186e4bbccfd4996cb3dc -> 
  custom:container-muxer-webm: aa71ff27fc2769a1b78a27578f13a17b -> 
  custom:container-demuxer-webm: 4f35f7cbe854078d1ac9338744f61a02 -> 
  custom:container-demuxer-ogg: 62fdf1f143b41e24485cea50d1cbac27 -> 
  custom:video-encoder-webm-vp8: eb34c28f22e8b96e1ab97ce403110664 -> 
  custom:video-decoder-webm-vp8: 9c59270c3fd7afecdb556c50c9e8de78 -> 
  custom:audio-decoder-ogg-vorbis: bf7c407c2cedff20999df2af8eb42d56 -> 
  custom:audio-encoder-webm-vorbis: bf7c407c2cedff20999df2af8eb42d56 -> 
========================================================================
Received Import Request.
  Time since last request: 3.820266 seconds.
  path: Assets/Scripts/ChessPeice.cs
  artifactKey: Guid(76d8ca8250d399a4b85d5af27f56b255) Importer(815301076,1909f56bfc062723c751e8b465ee728b)
Start importing Assets/Scripts/ChessPeice.cs using Guid(76d8ca8250d399a4b85d5af27f56b255) Importer(815301076,1909f56bfc062723c751e8b465ee728b)  -> (artifact id: 'd2dffee65bed8b701bcf4ac7bd2f0f8a') in 0.004039 seconds 
  Import took 0.007007 seconds .

========================================================================
Received Prepare
Registering precompiled user dll's ...
Registered in 0.003847 seconds.
Begin MonoManager ReloadAssembly
Native extension for WindowsStandalone target not found
Native extension for WebGL target not found
Refreshing native plugins compatible for Editor in 0.44 ms, found 3 plugins.
Preloading 0 native plugins for Editor in 0.00 ms.
Mono: successfully reloaded assembly
- Completed reload, in  0.887 seconds
Domain Reload Profiling:
	ReloadAssembly (888ms)
		BeginReloadAssembly (98ms)
			ExecutionOrderSort (0ms)
			DisableScriptedObjects (5ms)
			BackupInstance (0ms)
			ReleaseScriptingObjects (0ms)
			CreateAndSetChildDomain (29ms)
		EndReloadAssembly (732ms)
			LoadAssemblies (78ms)
			RebuildTransferFunctionScriptingTraits (0ms)
			SetupTypeCache (259ms)
			ReleaseScriptCaches (1ms)
			RebuildScriptCaches (36ms)
			SetupLoadedEditorAssemblies (270ms)
				LogAssemblyErrors (0ms)
				InitializePlatformSupportModulesInManaged (4ms)
				SetLoadedEditorAssemblies (0ms)
				RefreshPlugins (0ms)
				BeforeProcessingInitializeOnLoad (76ms)
				ProcessInitializeOnLoadAttributes (174ms)
				ProcessInitializeOnLoadMethodAttributes (9ms)
				AfterProcessingInitializeOnLoad (5ms)
				EditorAssembliesLoaded (0ms)
			ExecutionOrderSort2 (0ms)
			AwakeInstancesAfterBackupRestoration (8ms)
Platform modules already initialized, skipping
Refreshing native plugins compatible for Editor in 0.42 ms, found 3 plugins.
Preloading 0 native plugins for Editor in 0.00 ms.
Unloading 2188 Unused Serialized files (Serialized files now loaded: 0)
System memory in use before: 96.4 MB.
System memory in use after: 96.6 MB.

Unloading 17 unused Assets to reduce memory usage. Loaded Objects now: 2667.
Total: 2.542200 ms (FindLiveObjects: 0.147900 ms CreateObjectMapping: 0.070900 ms MarkObjects: 2.309400 ms  DeleteObjects: 0.013200 ms)

AssetImportParameters requested are different than current active one (requested -> active):
  custom:framework-win-MediaFoundation: 216162199b28c13a410421893ffa2e32 -> 
  custom:video-decoder-ogg-theora: a1e56fd34408186e4bbccfd4996cb3dc -> 
  custom:container-muxer-webm: aa71ff27fc2769a1b78a27578f13a17b -> 
  custom:container-demuxer-webm: 4f35f7cbe854078d1ac9338744f61a02 -> 
  custom:container-demuxer-ogg: 62fdf1f143b41e24485cea50d1cbac27 -> 
  custom:video-encoder-webm-vp8: eb34c28f22e8b96e1ab97ce403110664 -> 
  custom:video-decoder-webm-vp8: 9c59270c3fd7afecdb556c50c9e8de78 -> 
  custom:audio-decoder-ogg-vorbis: bf7c407c2cedff20999df2af8eb42d56 -> 
  custom:audio-encoder-webm-vorbis: bf7c407c2cedff20999df2af8eb42d56 -> 
========================================================================
Received Import Request.
  Time since last request: 33.549328 seconds.
  path: Assets/Scripts/ChessPeice.cs
  artifactKey: Guid(76d8ca8250d399a4b85d5af27f56b255) Importer(815301076,1909f56bfc062723c751e8b465ee728b)
Start importing Assets/Scripts/ChessPeice.cs using Guid(76d8ca8250d399a4b85d5af27f56b255) Importer(815301076,1909f56bfc062723c751e8b465ee728b)  -> (artifact id: 'c4e4be06fb4b16697b334d33f8b6643c') in 0.006424 seconds 
  Import took 0.009889 seconds .

========================================================================
Received Prepare
Registering precompiled user dll's ...
Registered in 0.003776 seconds.
Begin MonoManager ReloadAssembly
Native extension for WindowsStandalone target not found
Native extension for WebGL target not found
Refreshing native plugins compatible for Editor in 1.16 ms, found 3 plugins.
Preloading 0 native plugins for Editor in 0.00 ms.
Mono: successfully reloaded assembly
- Completed reload, in  0.893 seconds
Domain Reload Profiling:
	ReloadAssembly (893ms)
		BeginReloadAssembly (102ms)
			ExecutionOrderSort (0ms)
			DisableScriptedObjects (6ms)
			BackupInstance (0ms)
			ReleaseScriptingObjects (0ms)
			CreateAndSetChildDomain (30ms)
		EndReloadAssembly (735ms)
			LoadAssemblies (78ms)
			RebuildTransferFunctionScriptingTraits (0ms)
			SetupTypeCache (250ms)
			ReleaseScriptCaches (1ms)
			RebuildScriptCaches (37ms)
			SetupLoadedEditorAssemblies (273ms)
				LogAssemblyErrors (0ms)
				InitializePlatformSupportModulesInManaged (6ms)
				SetLoadedEditorAssemblies (0ms)
				RefreshPlugins (1ms)
				BeforeProcessingInitializeOnLoad (76ms)
				ProcessInitializeOnLoadAttributes (174ms)
				ProcessInitializeOnLoadMethodAttributes (10ms)
				AfterProcessingInitializeOnLoad (5ms)
				EditorAssembliesLoaded (0ms)
			ExecutionOrderSort2 (0ms)
			AwakeInstancesAfterBackupRestoration (8ms)
Platform modules already initialized, skipping
Refreshing native plugins compatible for Editor in 0.42 ms, found 3 plugins.
Preloading 0 native plugins for Editor in 0.00 ms.
Unloading 2188 Unused Serialized files (Serialized files now loaded: 0)
System memory in use before: 96.4 MB.
System memory in use after: 96.6 MB.

Unloading 17 unused Assets to reduce memory usage. Loaded Objects now: 2669.
Total: 2.558100 ms (FindLiveObjects: 0.148800 ms CreateObjectMapping: 0.069200 ms MarkObjects: 2.325600 ms  DeleteObjects: 0.013800 ms)

AssetImportParameters requested are different than current active one (requested -> active):
  custom:framework-win-MediaFoundation: 216162199b28c13a410421893ffa2e32 -> 
  custom:video-decoder-ogg-theora: a1e56fd34408186e4bbccfd4996cb3dc -> 
  custom:container-muxer-webm: aa71ff27fc2769a1b78a27578f13a17b -> 
  custom:container-demuxer-webm: 4f35f7cbe854078d1ac9338744f61a02 -> 
  custom:container-demuxer-ogg: 62fdf1f143b41e24485cea50d1cbac27 -> 
  custom:video-encoder-webm-vp8: eb34c28f22e8b96e1ab97ce403110664 -> 
  custom:video-decoder-webm-vp8: 9c59270c3fd7afecdb556c50c9e8de78 -> 
  custom:audio-decoder-ogg-vorbis: bf7c407c2cedff20999df2af8eb42d56 -> 
  custom:audio-encoder-webm-vorbis: bf7c407c2cedff20999df2af8eb42d56 -> 
========================================================================
Received Import Request.
  Time since last request: 4.370770 seconds.
  path: Assets/Scripts/ChessPeice.cs
  artifactKey: Guid(76d8ca8250d399a4b85d5af27f56b255) Importer(815301076,1909f56bfc062723c751e8b465ee728b)
Start importing Assets/Scripts/ChessPeice.cs using Guid(76d8ca8250d399a4b85d5af27f56b255) Importer(815301076,1909f56bfc062723c751e8b465ee728b)  -> (artifact id: '59594998fc4bc3171e0429f526da5eb6') in 0.006260 seconds 
  Import took 0.009654 seconds .

========================================================================
Received Prepare
Registering precompiled user dll's ...
Registered in 0.003687 seconds.
Begin MonoManager ReloadAssembly
Native extension for WindowsStandalone target not found
Native extension for WebGL target not found
Refreshing native plugins compatible for Editor in 0.45 ms, found 3 plugins.
Preloading 0 native plugins for Editor in 0.00 ms.
Mono: successfully reloaded assembly
- Completed reload, in  0.892 seconds
Domain Reload Profiling:
	ReloadAssembly (893ms)
		BeginReloadAssembly (113ms)
			ExecutionOrderSort (0ms)
			DisableScriptedObjects (8ms)
			BackupInstance (0ms)
			ReleaseScriptingObjects (0ms)
			CreateAndSetChildDomain (32ms)
		EndReloadAssembly (723ms)
			LoadAssemblies (78ms)
			RebuildTransferFunctionScriptingTraits (0ms)
			SetupTypeCache (256ms)
			ReleaseScriptCaches (1ms)
			RebuildScriptCaches (38ms)
			SetupLoadedEditorAssemblies (262ms)
				LogAssemblyErrors (0ms)
				InitializePlatformSupportModulesInManaged (5ms)
				SetLoadedEditorAssemblies (0ms)
				RefreshPlugins (0ms)
				BeforeProcessingInitializeOnLoad (73ms)
				ProcessInitializeOnLoadAttributes (169ms)
				ProcessInitializeOnLoadMethodAttributes (9ms)
				AfterProcessingInitializeOnLoad (5ms)
				EditorAssembliesLoaded (0ms)
			ExecutionOrderSort2 (0ms)
			AwakeInstancesAfterBackupRestoration (8ms)
Platform modules already initialized, skipping
Refreshing native plugins compatible for Editor in 0.46 ms, found 3 plugins.
Preloading 0 native plugins for Editor in 0.00 ms.
Unloading 2188 Unused Serialized files (Serialized files now loaded: 0)
System memory in use before: 96.4 MB.
System memory in use after: 96.6 MB.

Unloading 17 unused Assets to reduce memory usage. Loaded Objects now: 2671.
Total: 2.610100 ms (FindLiveObjects: 0.168200 ms CreateObjectMapping: 0.072700 ms MarkObjects: 2.352900 ms  DeleteObjects: 0.015200 ms)

AssetImportParameters requested are different than current active one (requested -> active):
  custom:framework-win-MediaFoundation: 216162199b28c13a410421893ffa2e32 -> 
  custom:video-decoder-ogg-theora: a1e56fd34408186e4bbccfd4996cb3dc -> 
  custom:container-muxer-webm: aa71ff27fc2769a1b78a27578f13a17b -> 
  custom:container-demuxer-webm: 4f35f7cbe854078d1ac9338744f61a02 -> 
  custom:container-demuxer-ogg: 62fdf1f143b41e24485cea50d1cbac27 -> 
  custom:video-encoder-webm-vp8: eb34c28f22e8b96e1ab97ce403110664 -> 
  custom:video-decoder-webm-vp8: 9c59270c3fd7afecdb556c50c9e8de78 -> 
  custom:audio-decoder-ogg-vorbis: bf7c407c2cedff20999df2af8eb42d56 -> 
  custom:audio-encoder-webm-vorbis: bf7c407c2cedff20999df2af8eb42d56 -> 
